<?xml version="1.0" encoding="UTF-8"?>
<testsuite name="Verificar el ingreso correcto a la pagina serenity.is" tests="1" skipped="0" failures="0" errors="0" timestamp="2023-03-21T16:53:49" hostname="DESKTOP-G6ER3DT" time="95.609">
  <properties/>
  <testcase name="Crear nueva unidad de negocio" classname="Verificar el ingreso correcto a la pagina serenity.is" time="95.609"/>
  <system-out><![CDATA[]]></system-out>
  <system-err><![CDATA[[Test worker] INFO io.cucumber.core.plugin.SerenityReporter - Running feature from file:///E:/co-com-choucair-starsharpscreen/src/test/resources/features/prueba.feature
[Test worker] INFO  - 
  _____   ___   ___   _____     ___   _____     _     ___   _____   ___   ___  
 |_   _| | __| / __| |_   _|   / __| |_   _|   /_\   | _ \ |_   _| | __| |   \ 
   | |   | _|  \__ \   | |     \__ \   | |    / _ \  |   /   | |   | _|  | |) |
   |_|   |___| |___/   |_|     |___/   |_|   /_/ \_\ |_|_\   |_|   |___| |___/ 

Crear nueva unidad de negocio(verificar-el-ingreso-correcto-a-la-pagina-serenity.is;crear-nueva-unidad-de-negocio)
--------------------------------------------------------------------------------
[Test worker] INFO net.serenitybdd.core.webdriver.driverproviders.DriverProvider - Using WebDriverManager configuration for edge
[Test worker] INFO io.github.bonigarcia.wdm.WebDriverManager - Using msedgedriver 111.0.1661.44 (resolved driver for Edge 111)
[Test worker] INFO io.github.bonigarcia.wdm.WebDriverManager - Exporting webdriver.edge.driver as C:\Users\jaime\.cache\selenium\msedgedriver\win64\111.0.1661.44\msedgedriver.exe
Starting Microsoft Edge WebDriver 111.0.1661.44 (fc2a57ec5a410298200db8ad3013657d5472c408) on port 58416
To submit feedback, report a bug, or suggest new features, please visit https://github.com/MicrosoftEdge/EdgeWebDriver

Only local connections are allowed.
Please see https://aka.ms/WebDriverSecurity for suggestions on keeping Microsoft Edge WebDriver safe.

Microsoft Edge WebDriver was started successfully.
mar. 21, 2023 11:54:14 A. M. org.openqa.selenium.remote.ProtocolHandshake createSession
INFO: Detected upstream dialect: W3C
mar. 21, 2023 11:54:14 A. M. org.openqa.selenium.devtools.CdpVersionFinder findNearestMatch
WARNING: Unable to find an exact match for CDP version 111, so returning the closest version found: a no-op implementation
mar. 21, 2023 11:54:14 A. M. org.openqa.selenium.devtools.CdpVersionFinder findNearestMatch
INFO: Unable to find CDP implementation matching 111.
mar. 21, 2023 11:54:14 A. M. org.openqa.selenium.chromium.ChromiumDriver lambda$new$3
WARNING: Unable to find version of CDP to use for . You may need to include a dependency on a specific version of the CDP using something similar to `org.seleniumhq.selenium:selenium-devtools-v86:4.4.0` where the version ("v86") matches the version of the chromium-based browser you're using and the version number of the artifact is the same as Selenium's.
[Test worker] INFO  - 
  _____   ___   ___   _____     ___     _     ___   ___   ___   ___  
 |_   _| | __| / __| |_   _|   | _ \   /_\   / __| / __| | __| |   \ 
   | |   | _|  \__ \   | |     |  _/  / _ \  \__ \ \__ \ | _|  | |) |
   |_|   |___| |___/   |_|     |_|   /_/ \_\ |___/ |___/ |___| |___/ 

Crear nueva unidad de negocio
----------------------------------------------------------------------
]]></system-err>
</testsuite>
